Arguments: 
  D:\Software\nodejs\node.exe D:\Software\yarn\bin\yarn.js init

PATH: 
  D:\Software\Cmder\vendor\git-for-windows\mingw64\bin;D:\Software\Cmder\vendor\git-for-windows\usr\bin;C:\Users\19403\bin;C:\windows\system32;C:\windows;C:\windows\System32\Wbem;C:\windows\System32\WindowsPowerShell\v1.0;C:\windows\System32\OpenSSH;C:\Program Files (x86)\NVIDIA Corporation\PhysX\Common;C:\Program Files\NVIDIA Corporation\NVIDIA NvDLISR;C:\Program Files (x86)\HP\Common\HPDestPlgIn;C:\WINDOWS\system32;C:\WINDOWS;C:\WINDOWS\System32\Wbem;C:\WINDOWS\System32\WindowsPowerShell\v1.0;C:\WINDOWS\System32\OpenSSH;D:\Software\nodejs;D:\Software\yarn\bin;C:\Program Files\Git\cmd;C:\Users\19403\AppData\Local\Microsoft\WindowsApps;C:\Program Files (x86)\Tencent\QQGameTempest\Hall.57734;C:\Program Files (x86)\HP\Common\HPDestPlgIn;C:\Users\19403\AppData\Local\Programs\Microsoft VS Code\bin;C:\Users\19403\AppData\Roaming\npm;C:\Users\19403\AppData\Local\Yarn\bin

Yarn version: 
  1.22.5

Node version: 
  16.20.0

Platform: 
  win32 x64

Trace: 
  Error: canceled
      at Interface.<anonymous> (D:\Software\yarn\lib\cli.js:137009:13)
      at Interface.emit (node:events:513:28)
      at Interface._ttyWrite (node:readline:1085:16)
      at ReadStream.onkeypress (node:readline:291:10)
      at ReadStream.emit (node:events:513:28)
      at emitKeys (node:internal/readline/utils:357:14)
      at emitKeys.next (<anonymous>)
      at ReadStream.onData (node:internal/readline/emitKeypressEvents:61:36)
      at ReadStream.emit (node:events:513:28)
      at addChunk (node:internal/streams/readable:315:12)

npm manifest: 
  No manifest

yarn manifest: 
  No manifest

Lockfile: 
  No lockfile
